[0.142s] Invoking command in '/home/fmp/Jeju_Island/src/build/usb_cam': CMAKE_PREFIX_PATH=${CMAKE_PREFIX_PATH}:/home/fmp/Jeju_Island/install/vehicle_control:/home/fmp/Jeju_Island/install/erp_control_pkg:/opt/ros/humble /usr/bin/cmake /home/fmp/Jeju_Island/src/usb_cam -DAMENT_CMAKE_SYMLINK_INSTALL=1 -DCMAKE_INSTALL_PREFIX=/home/fmp/Jeju_Island/src/install/usb_cam
[0.516s] -- The C compiler identification is GNU 11.4.0
[0.947s] -- The CXX compiler identification is GNU 11.4.0
[1.062s] -- Detecting C compiler ABI info
[2.029s] -- Detecting C compiler ABI info - done
[2.215s] -- Check for working C compiler: /usr/bin/cc - skipped
[2.220s] -- Detecting C compile features
[2.230s] -- Detecting C compile features - done
[2.260s] -- Detecting CXX compiler ABI info
[3.232s] -- Detecting CXX compiler ABI info - done
[3.368s] -- Check for working CXX compiler: /usr/bin/c++ - skipped
[3.369s] -- Detecting CXX compile features
[3.390s] -- Detecting CXX compile features - done
[3.437s] -- Found ament_cmake_auto: 1.3.12 (/opt/ros/humble/share/ament_cmake_auto/cmake)
[5.325s] -- Found Python3: /usr/bin/python3 (found version "3.10.12") found components: Interpreter 
[5.924s] -- Override CMake install command with custom implementation using symlinks instead of copying resources
[8.590s] -- Found rosidl_generator_c: 3.1.7 (/opt/ros/humble/share/rosidl_generator_c/cmake)
[8.725s] -- Found rosidl_adapter: 3.1.7 (/opt/ros/humble/share/rosidl_adapter/cmake)
[8.924s] -- Found rosidl_generator_cpp: 3.1.7 (/opt/ros/humble/share/rosidl_generator_cpp/cmake)
[9.248s] -- Using all available rosidl_typesupport_c: rosidl_typesupport_fastrtps_c;rosidl_typesupport_introspection_c
[9.658s] -- Using all available rosidl_typesupport_cpp: rosidl_typesupport_fastrtps_cpp;rosidl_typesupport_introspection_cpp
[10.774s] -- Found rmw_implementation_cmake: 6.1.2 (/opt/ros/humble/share/rmw_implementation_cmake/cmake)
[10.841s] -- Found rmw_fastrtps_cpp: 6.2.9 (/opt/ros/humble/share/rmw_fastrtps_cpp/cmake)
[12.288s] -- Found OpenSSL: /usr/lib/x86_64-linux-gnu/libcrypto.so (found version "3.0.2")  
[12.761s] -- Found FastRTPS: /opt/ros/humble/include  
[13.369s] -- Using RMW implementation 'rmw_fastrtps_cpp' as default
[13.561s] -- Looking for pthread.h
[14.957s] -- Looking for pthread.h - found
[14.970s] -- Performing Test CMAKE_HAVE_LIBC_PTHREAD
[16.292s] -- Performing Test CMAKE_HAVE_LIBC_PTHREAD - Success
[16.328s] -- Found Threads: TRUE  
[22.509s] -- Found OpenCV: /usr (found version "4.5.4") 
[22.598s] -- Found PkgConfig: /usr/bin/pkg-config (found version "0.29.2") 
[22.614s] -- Checking for module 'libavcodec'
[22.936s] --   Found libavcodec, version 58.134.100
[23.778s] -- Checking for module 'libavutil'
[24.012s] --   Found libavutil, version 56.70.100
[24.732s] -- Checking for module 'libswscale'
[25.129s] --   Found libswscale, version 5.9.100
[26.083s] -- Found ament_lint_auto: 0.12.14 (/opt/ros/humble/share/ament_lint_auto/cmake)
[27.075s] -- Found gtest sources under '/opt/ros/humble/src/gtest_vendor': C++ tests using 'Google Test' will be built
[27.297s] [0mIn this package, headers install destination is set to `include` by ament_auto_package. It is recommended to install `include/usb_cam` instead and will be the default behavior of ament_auto_package from ROS 2 Kilted Kaiju. On distributions before Kilted, ament_auto_package behaves the same way when you use USE_SCOPED_HEADER_INSTALL_DIR option.[0m
[27.568s] -- Added test 'copyright' to check source files copyright and LICENSE
[27.704s] -- Added test 'cppcheck' to perform static code analysis on C / C++ code
[27.711s] -- Configured cppcheck include dirs: /home/fmp/Jeju_Island/src/usb_cam/include
[27.712s] -- Configured cppcheck exclude dirs and/or files: 
[27.845s] -- Added test 'cpplint' to check C / C++ code against the Google style
[27.853s] -- Configured cpplint exclude dirs and/or files: 
[27.911s] -- Added test 'flake8' to check Python code syntax and style conventions
[27.972s] -- Added test 'lint_cmake' to check CMake code style
[27.994s] -- Added test 'pep257' to check Python code against some of the docstring style conventions in PEP 257
[28.104s] -- Added test 'uncrustify' to check C / C++ code style
[28.109s] -- Configured uncrustify additional arguments: 
[28.159s] -- Added test 'xmllint' to check XML markup files
[28.229s] -- Configuring done
[29.197s] -- Generating done
[29.391s] -- Build files have been written to: /home/fmp/Jeju_Island/src/build/usb_cam
[29.714s] Invoked command in '/home/fmp/Jeju_Island/src/build/usb_cam' returned '0': CMAKE_PREFIX_PATH=${CMAKE_PREFIX_PATH}:/home/fmp/Jeju_Island/install/vehicle_control:/home/fmp/Jeju_Island/install/erp_control_pkg:/opt/ros/humble /usr/bin/cmake /home/fmp/Jeju_Island/src/usb_cam -DAMENT_CMAKE_SYMLINK_INSTALL=1 -DCMAKE_INSTALL_PREFIX=/home/fmp/Jeju_Island/src/install/usb_cam
[29.734s] Invoking command in '/home/fmp/Jeju_Island/src/build/usb_cam': CMAKE_PREFIX_PATH=${CMAKE_PREFIX_PATH}:/home/fmp/Jeju_Island/install/vehicle_control:/home/fmp/Jeju_Island/install/erp_control_pkg:/opt/ros/humble /usr/bin/cmake --build /home/fmp/Jeju_Island/src/build/usb_cam -- -j4 -l4
[31.165s] [  7%] [32mBuilding CXX object CMakeFiles/usb_cam.dir/src/usb_cam.cpp.o[0m
[56.207s] gmake[2]: *** wait: No child processes.  Stop.
[56.207s] gmake[2]: *** Waiting for unfinished jobs....
[56.208s] gmake[2]: *** wait: No child processes.  Stop.
[56.218s] gmake[1]: *** [CMakeFiles/Makefile2:163: CMakeFiles/usb_cam.dir/all] Error 2
[56.219s] gmake: *** [Makefile:146: all] Interrupt
