[0.170s] Invoking command in '/home/fmp/Jeju_Island/src/build/sllidar_ros2': CMAKE_PREFIX_PATH=${CMAKE_PREFIX_PATH}:/home/fmp/Jeju_Island/install/vehicle_control:/home/fmp/Jeju_Island/install/erp_control_pkg:/opt/ros/humble /usr/bin/cmake /home/fmp/Jeju_Island/src/sllidar_ros2 -DAMENT_CMAKE_SYMLINK_INSTALL=1 -DCMAKE_INSTALL_PREFIX=/home/fmp/Jeju_Island/src/install/sllidar_ros2
[0.894s] -- The C compiler identification is GNU 11.4.0
[1.287s] -- The CXX compiler identification is GNU 11.4.0
[1.385s] -- Detecting C compiler ABI info
[2.271s] -- Detecting C compiler ABI info - done
[2.378s] -- Check for working C compiler: /usr/bin/cc - skipped
[2.382s] -- Detecting C compile features
[2.385s] -- Detecting C compile features - done
[2.418s] -- Detecting CXX compiler ABI info
[2.997s] -- Detecting CXX compiler ABI info - done
[3.072s] -- Check for working CXX compiler: /usr/bin/c++ - skipped
[3.080s] -- Detecting CXX compile features
[3.086s] -- Detecting CXX compile features - done
[3.119s] -- Found ament_cmake: 1.3.12 (/opt/ros/humble/share/ament_cmake/cmake)
[4.069s] -- Found Python3: /usr/bin/python3 (found version "3.10.12") found components: Interpreter 
[4.462s] -- Override CMake install command with custom implementation using symlinks instead of copying resources
[4.854s] -- Found rclcpp: 16.0.15 (/opt/ros/humble/share/rclcpp/cmake)
[5.536s] -- Found rosidl_generator_c: 3.1.7 (/opt/ros/humble/share/rosidl_generator_c/cmake)
[5.587s] -- Found rosidl_adapter: 3.1.7 (/opt/ros/humble/share/rosidl_adapter/cmake)
[5.690s] -- Found rosidl_generator_cpp: 3.1.7 (/opt/ros/humble/share/rosidl_generator_cpp/cmake)
[5.841s] -- Using all available rosidl_typesupport_c: rosidl_typesupport_fastrtps_c;rosidl_typesupport_introspection_c
[6.028s] -- Using all available rosidl_typesupport_cpp: rosidl_typesupport_fastrtps_cpp;rosidl_typesupport_introspection_cpp
[6.745s] -- Found rmw_implementation_cmake: 6.1.2 (/opt/ros/humble/share/rmw_implementation_cmake/cmake)
[6.787s] -- Found rmw_fastrtps_cpp: 6.2.9 (/opt/ros/humble/share/rmw_fastrtps_cpp/cmake)
[7.827s] -- Found OpenSSL: /usr/lib/x86_64-linux-gnu/libcrypto.so (found version "3.0.2")  
[8.161s] -- Found FastRTPS: /opt/ros/humble/include  
[8.562s] -- Using RMW implementation 'rmw_fastrtps_cpp' as default
[8.729s] -- Looking for pthread.h
[9.567s] -- Looking for pthread.h - found
[9.573s] -- Performing Test CMAKE_HAVE_LIBC_PTHREAD
[10.068s] -- Performing Test CMAKE_HAVE_LIBC_PTHREAD - Success
[10.078s] -- Found Threads: TRUE  
[11.303s] -- Found sensor_msgs: 4.9.0 (/opt/ros/humble/share/sensor_msgs/cmake)
[11.976s] -- Found std_srvs: 4.9.0 (/opt/ros/humble/share/std_srvs/cmake)
[13.082s] -- Configuring done
[13.204s] -- Generating done
[13.304s] -- Build files have been written to: /home/fmp/Jeju_Island/src/build/sllidar_ros2
[13.550s] Invoked command in '/home/fmp/Jeju_Island/src/build/sllidar_ros2' returned '0': CMAKE_PREFIX_PATH=${CMAKE_PREFIX_PATH}:/home/fmp/Jeju_Island/install/vehicle_control:/home/fmp/Jeju_Island/install/erp_control_pkg:/opt/ros/humble /usr/bin/cmake /home/fmp/Jeju_Island/src/sllidar_ros2 -DAMENT_CMAKE_SYMLINK_INSTALL=1 -DCMAKE_INSTALL_PREFIX=/home/fmp/Jeju_Island/src/install/sllidar_ros2
[13.580s] Invoking command in '/home/fmp/Jeju_Island/src/build/sllidar_ros2': CMAKE_PREFIX_PATH=${CMAKE_PREFIX_PATH}:/home/fmp/Jeju_Island/install/vehicle_control:/home/fmp/Jeju_Island/install/erp_control_pkg:/opt/ros/humble /usr/bin/cmake --build /home/fmp/Jeju_Island/src/build/sllidar_ros2 -- -j4 -l4
[14.053s] [  5%] [32mBuilding CXX object CMakeFiles/sllidar_client.dir/src/sllidar_client.cpp.o[0m
[14.128s] [ 10%] [32mBuilding CXX object CMakeFiles/sllidar_node.dir/sdk/src/arch/linux/net_socket.cpp.o[0m
[14.217s] [ 15%] [32mBuilding CXX object CMakeFiles/sllidar_node.dir/sdk/src/arch/linux/net_serial.cpp.o[0m
[14.369s] [ 20%] [32mBuilding CXX object CMakeFiles/sllidar_node.dir/src/sllidar_node.cpp.o[0m
[24.392s] In file included from [01m[K/home/fmp/Jeju_Island/src/sllidar_ros2/./sdk/include/rplidar_protocol.h:36[m[K,
[24.392s]                  from [01m[K/home/fmp/Jeju_Island/src/sllidar_ros2/./sdk/include/rplidar.h:39[m[K,
[24.393s]                  from [01m[K/home/fmp/Jeju_Island/src/sllidar_ros2/./sdk/src/sdkcommon.h:49[m[K,
[24.409s]                  from [01m[K/home/fmp/Jeju_Island/src/sllidar_ros2/sdk/src/arch/linux/net_socket.cpp:10[m[K:
[24.415s] [01m[K/home/fmp/Jeju_Island/src/sllidar_ros2/./sdk/include/sl_lidar_protocol.h:66:16:[m[K [01;35m[Kwarning: [m[KISO C++ forbids zero-size array â€˜[01m[Kdata[m[Kâ€™ [[01;35m[K]8;;https://gcc.gnu.org/onlinedocs/gcc/Warning-Options.html#index-Wpedantic-Wpedantic]8;;[m[K]
[24.416s]    66 |     sl_u8 data[[01;35m[K0[m[K];
[24.416s]       |                [01;35m[K^[m[K
[24.433s] In file included from [01m[K/home/fmp/Jeju_Island/src/sllidar_ros2/./sdk/include/rplidar_cmd.h:36[m[K,
[24.434s]                  from [01m[K/home/fmp/Jeju_Island/src/sllidar_ros2/./sdk/include/rplidar.h:40[m[K,
[24.434s]                  from [01m[K/home/fmp/Jeju_Island/src/sllidar_ros2/./sdk/src/sdkcommon.h:49[m[K,
[24.435s]                  from [01m[K/home/fmp/Jeju_Island/src/sllidar_ros2/sdk/src/arch/linux/net_socket.cpp:10[m[K:
[24.435s] [01m[K/home/fmp/Jeju_Island/src/sllidar_ros2/./sdk/include/sl_lidar_cmd.h:324:20:[m[K [01;35m[Kwarning: [m[KISO C++ forbids zero-size array â€˜[01m[Kpayload[m[Kâ€™ [[01;35m[K]8;;https://gcc.gnu.org/onlinedocs/gcc/Warning-Options.html#index-Wpedantic-Wpedantic]8;;[m[K]
[24.435s]   324 |     sl_u8  payload[[01;35m[K0[m[K];
[24.455s]       |                    [01;35m[K^[m[K
[26.179s] In file included from [01m[K/home/fmp/Jeju_Island/src/sllidar_ros2/./sdk/src/arch/linux/arch_linux.h:42[m[K,
[26.180s]                  from [01m[K/home/fmp/Jeju_Island/src/sllidar_ros2/./sdk/src/sdkcommon.h:41[m[K,
[26.180s]                  from [01m[K/home/fmp/Jeju_Island/src/sllidar_ros2/sdk/src/arch/linux/net_socket.cpp:10[m[K:
[26.180s] [01m[K/home/fmp/Jeju_Island/src/sllidar_ros2/sdk/src/arch/linux/net_socket.cpp:[m[K In member function â€˜[01m[Kvirtual u_result rp::arch::net::DGramSocketImpl::sendTo(const rp::net::SocketAddress*, const void*, size_t)[m[Kâ€™:
[26.181s] [01m[K/home/fmp/Jeju_Island/src/sllidar_ros2/sdk/src/arch/linux/net_socket.cpp:733:24:[m[K [01;35m[Kwarning: [m[Kcomparison of integer expressions of different signedness: â€˜[01m[Kint[m[Kâ€™ and â€˜[01m[Ksize_t[m[Kâ€™ {aka â€˜[01m[Klong unsigned int[m[Kâ€™} [[01;35m[K]8;;https://gcc.gnu.org/onlinedocs/gcc/Warning-Options.html#index-Wsign-compare-Wsign-compare]8;;[m[K]
[26.181s]   733 |             assert([01;35m[Kans == len[m[K);
[26.181s]       |                    [01;35m[K~~~~^~~~~~[m[K
[26.208s] [01m[K/home/fmp/Jeju_Island/src/sllidar_ros2/sdk/src/arch/linux/net_serial.cpp:[m[K In member function â€˜[01m[Kbool rp::arch::net::raw_serial::open(const char*, uint32_t, uint32_t)[m[Kâ€™:
[26.209s] [01m[K/home/fmp/Jeju_Island/src/sllidar_ros2/sdk/src/arch/linux/net_serial.cpp:97:74:[m[K [01;35m[Kwarning: [m[Kunused parameter â€˜[01m[Kflags[m[Kâ€™ [[01;35m[K]8;;https://gcc.gnu.org/onlinedocs/gcc/Warning-Options.html#index-Wunused-parameter-Wunused-parameter]8;;[m[K]
[26.209s]    97 | bool raw_serial::open(const char * portname, uint32_t baudrate, [01;35m[Kuint32_t flags[m[K)
[26.209s]       |                                                                 [01;35m[K~~~~~~~~~^~~~~[m[K
[26.222s] [01m[K/home/fmp/Jeju_Island/src/sllidar_ros2/sdk/src/arch/linux/net_serial.cpp:[m[K In member function â€˜[01m[Kvirtual void rp::arch::net::raw_serial::flush(_u32)[m[Kâ€™:
[26.224s] [01m[K/home/fmp/Jeju_Island/src/sllidar_ros2/sdk/src/arch/linux/net_serial.cpp:281:30:[m[K [01;35m[Kwarning: [m[Kunused parameter â€˜[01m[Kflags[m[Kâ€™ [[01;35m[K]8;;https://gcc.gnu.org/onlinedocs/gcc/Warning-Options.html#index-Wunused-parameter-Wunused-parameter]8;;[m[K]
[26.224s]   281 | void raw_serial::flush( [01;35m[K_u32 flags[m[K)
[26.224s]       |                         [01;35m[K~~~~~^~~~~[m[K
[26.236s] [01m[K/home/fmp/Jeju_Island/src/sllidar_ros2/sdk/src/arch/linux/net_serial.cpp:[m[K In member function â€˜[01m[Kvirtual int rp::arch::net::raw_serial::waitforsent(_u32, size_t*)[m[Kâ€™:
[26.236s] [01m[K/home/fmp/Jeju_Island/src/sllidar_ros2/sdk/src/arch/linux/net_serial.cpp:286:34:[m[K [01;35m[Kwarning: [m[Kunused parameter â€˜[01m[Ktimeout[m[Kâ€™ [[01;35m[K]8;;https://gcc.gnu.org/onlinedocs/gcc/Warning-Options.html#index-Wunused-parameter-Wunused-parameter]8;;[m[K]
[26.237s]   286 | int raw_serial::waitforsent([01;35m[K_u32 timeout[m[K, size_t * returned_size)
[26.237s]       |                             [01;35m[K~~~~~^~~~~~~[m[K
[26.238s] [01m[K/home/fmp/Jeju_Island/src/sllidar_ros2/sdk/src/arch/linux/net_serial.cpp:[m[K In member function â€˜[01m[Kvirtual int rp::arch::net::raw_serial::waitforrecv(_u32, size_t*)[m[Kâ€™:
[26.238s] [01m[K/home/fmp/Jeju_Island/src/sllidar_ros2/sdk/src/arch/linux/net_serial.cpp:292:34:[m[K [01;35m[Kwarning: [m[Kunused parameter â€˜[01m[Ktimeout[m[Kâ€™ [[01;35m[K]8;;https://gcc.gnu.org/onlinedocs/gcc/Warning-Options.html#index-Wunused-parameter-Wunused-parameter]8;;[m[K]
[26.238s]   292 | int raw_serial::waitforrecv([01;35m[K_u32 timeout[m[K, size_t * returned_size)
[26.248s]       |                             [01;35m[K~~~~~^~~~~~~[m[K
[26.261s] [01m[K/home/fmp/Jeju_Island/src/sllidar_ros2/sdk/src/arch/linux/net_serial.cpp:[m[K In member function â€˜[01m[Kvirtual void rp::arch::net::raw_serial::cancelOperation()[m[Kâ€™:
[26.261s] [01m[K/home/fmp/Jeju_Island/src/sllidar_ros2/sdk/src/arch/linux/net_serial.cpp:427:5:[m[K [01;35m[Kwarning: [m[Kvalue computed is not used [[01;35m[K]8;;https://gcc.gnu.org/onlinedocs/gcc/Warning-Options.html#index-Wunused-value-Wunused-value]8;;[m[K]
[26.262s]   427 |     [01;35m[K(int)::write(_selfpipe[1], "x", 1)[m[K;
[26.262s]       |     [01;35m[K^~~~~~~~~~~~~~~~~~~~~~~~~~~~~~~~~~[m[K
[68.292s] In file included from [01m[K/home/fmp/Jeju_Island/src/sllidar_ros2/./sdk/include/sl_lidar_cmd.h:41[m[K,
[68.293s]                  from [01m[K/home/fmp/Jeju_Island/src/sllidar_ros2/./sdk/include/sl_lidar_driver.h:54[m[K,
[68.294s]                  from [01m[K/home/fmp/Jeju_Island/src/sllidar_ros2/./sdk/include/sl_lidar.h:36[m[K,
[68.294s]                  from [01m[K/home/fmp/Jeju_Island/src/sllidar_ros2/src/sllidar_node.cpp:38[m[K:
[68.294s] [01m[K/home/fmp/Jeju_Island/src/sllidar_ros2/./sdk/include/sl_lidar_protocol.h:66:16:[m[K [01;35m[Kwarning: [m[KISO C++ forbids zero-size array â€˜[01m[Kdata[m[Kâ€™ [[01;35m[K]8;;https://gcc.gnu.org/onlinedocs/gcc/Warning-Options.html#index-Wpedantic-Wpedantic]8;;[m[K]
[68.306s]    66 |     sl_u8 data[[01;35m[K0[m[K];
[68.307s]       |                [01;35m[K^[m[K
[68.314s] In file included from [01m[K/home/fmp/Jeju_Island/src/sllidar_ros2/./sdk/include/sl_lidar_driver.h:54[m[K,
[68.328s]                  from [01m[K/home/fmp/Jeju_Island/src/sllidar_ros2/./sdk/include/sl_lidar.h:36[m[K,
[68.329s]                  from [01m[K/home/fmp/Jeju_Island/src/sllidar_ros2/src/sllidar_node.cpp:38[m[K:
[68.329s] [01m[K/home/fmp/Jeju_Island/src/sllidar_ros2/./sdk/include/sl_lidar_cmd.h:324:20:[m[K [01;35m[Kwarning: [m[KISO C++ forbids zero-size array â€˜[01m[Kpayload[m[Kâ€™ [[01;35m[K]8;;https://gcc.gnu.org/onlinedocs/gcc/Warning-Options.html#index-Wpedantic-Wpedantic]8;;[m[K]
[68.330s]   324 |     sl_u8  payload[[01;35m[K0[m[K];
[68.345s]       |                    [01;35m[K^[m[K
[88.818s] gmake[2]: *** wait: No child processes.  Stop.
[88.849s] gmake[2]: *** Waiting for unfinished jobs....
[88.850s] gmake[2]: *** wait: No child processes.  Stop.
[88.878s] gmake[1]: *** [CMakeFiles/Makefile2:165: CMakeFiles/sllidar_client.dir/all] Error 2
[88.879s] gmake[2]: *** [CMakeFiles/sllidar_node.dir/build.make:76: CMakeFiles/sllidar_node.dir/src/sllidar_node.cpp.o] Interrupt
[88.911s] gmake[1]: *** [CMakeFiles/Makefile2:139: CMakeFiles/sllidar_node.dir/all] Interrupt
[88.927s] gmake: *** [Makefile:146: all] Interrupt
